<?xml version="1.0" encoding="UTF-8"?>
<!-- Generated by org.testng.reporters.JUnitXMLReporter -->
<testsuite ignored="0" hostname="CROSS" failures="1" tests="2" name="dependencies" time="0.06" errors="0" timestamp="2025-04-13T11:56:23 IST">
  <testcase classname="day7.Testngdependencies" name="test" time="0.012">
    <failure type="java.lang.AssertionError" message="expected [true] but found [false]">
      <![CDATA[java.lang.AssertionError: expected [true] but found [false]
at day7.Testngdependencies.test(Testngdependencies.java:27)
at java.base/java.util.ArrayList.forEach(ArrayList.java:1597)
... Removed 32 stack frames]]>
    </failure>
  </testcase> <!-- test -->
  <testcase classname="day7.Testngdependencies" name="test1" time="0.001">
    <skipped/>
  </testcase> <!-- test1 -->
</testsuite> <!-- dependencies -->
